--- White Minimalist Resume (2).pdf ---


8870398639
  PHONE
  EMAIL
 WEBSITE
arunrevathi414@gmail.com
Arunachalam-Linkedin
SKILLS
Python
C
Frontend
Java
Problem Solving
Mondodb,Mysql
Django
Machine Learning
EDUCATION
CONTACT
( pursuing)
RAJALAKSHMI ENGINEEERING
COLLEGE,THANDALAM
Bachelor of information technology
ANNAI RAANI CONVENT HIGHER
SECONDARY SCHOOL
CGPA = 8.36/10
STAE BOARD OF TAMILNADU
Percentage = 94%
I  am  a  dedicated  B.Tech  Information  Technology
student  with  a  strong  passion  for  Data  Science,
Machine  Learning,  and  AI.  I  aim  to  apply  my
technical skills and analytical mindset to solve real-
world  problems  through  data-driven  solutions.  With
hands-on  experience  in  web  development  projects
and  continuous  learning  through  certifications  and
coding practice, I am focused on building a career in
the data science domain.
PERSONAL STATEMENT
ARUNACHALAM  A
STUDENT
ACHIEVEMENTS
Got my NPTEL Certification in IOT 
Also in Privacy And Security in Online Social
Media
solved 200+ leetcode problems
PROJECT
STUDENT MANAGEMENT SYSTEM
Frontend- Html,css
Backend-Javascript
Database-MongoDB
MOVIE BOOKING SYSTEM
Frontend- Html,css
Backend-Java
Database-Mysql
BLOG MANAGEMENT SYSTEM
Frontend- Html,css
Backend-Python
Database-Mysql
E-COMMERCE WEBSITE
Frontend- Html,css
Backend-Python
Database-Mysql

--- White Minimalist Resume (2).pdf ---


8870398639
  PHONE
  EMAIL
 WEBSITE
arunrevathi414@gmail.com
Arunachalam-Linkedin
SKILLS
Python
C
Frontend
Java
Problem Solving
Mondodb,Mysql
Django
Machine Learning
EDUCATION
CONTACT
( pursuing)
RAJALAKSHMI ENGINEEERING
COLLEGE,THANDALAM
Bachelor of information technology
ANNAI RAANI CONVENT HIGHER
SECONDARY SCHOOL
CGPA = 8.36/10
STAE BOARD OF TAMILNADU
Percentage = 94%
I  am  a  dedicated  B.Tech  Information  Technology
student  with  a  strong  passion  for  Data  Science,
Machine  Learning,  and  AI.  I  aim  to  apply  my
technical skills and analytical mindset to solve real-
world  problems  through  data-driven  solutions.  With
hands-on  experience  in  web  development  projects
and  continuous  learning  through  certifications  and
coding practice, I am focused on building a career in
the data science domain.
PERSONAL STATEMENT
ARUNACHALAM  A
STUDENT
ACHIEVEMENTS
Got my NPTEL Certification in IOT 
Also in Privacy And Security in Online Social
Media
solved 200+ leetcode problems
PROJECT
STUDENT MANAGEMENT SYSTEM
Frontend- Html,css
Backend-Javascript
Database-MongoDB
MOVIE BOOKING SYSTEM
Frontend- Html,css
Backend-Java
Database-Mysql
BLOG MANAGEMENT SYSTEM
Frontend- Html,css
Backend-Python
Database-Mysql
E-COMMERCE WEBSITE
Frontend- Html,css
Backend-Python
Database-Mysql

--- HHH.pdf ---




